<?xml version="1.0" encoding="UTF-8"?>
<TestRun id="940e42b1-b9b6-4011-8201-2214a2b4a098" name="Jacob@MANTA 2014-01-17 11:38:06" runUser="MANTA\Jacob" xmlns="http://microsoft.com/schemas/VisualStudio/TeamTest/2010">
  <TestSettings name="Local" id="57ab9ee7-c8ea-4957-ac8f-e61444df60b2">
    <Description>These are default test settings for a local test run.</Description>
    <Deployment userDeploymentRoot="c:\users\jacob\documents\visual studio 2010\Projects\AssertionTestingProject\TestResults" useDefaultDeploymentRoot="false" enabled="false" runDeploymentRoot="Jacob_MANTA 2014-01-17 11_38_06">
      <DeploymentItem filename="c:\users\jacob\documents\visual studio 2010\Projects\AssertionTestingProject\AssertionTestingProject\bin\Debug\AssertionTestingProject.dll" />
    </Deployment>
    <Execution>
      <TestTypeSpecific />
      <AgentRule name="Execution Agents">
      </AgentRule>
    </Execution>
  </TestSettings>
  <Times creation="2014-01-17T11:38:06.0702458-06:00" queuing="2014-01-17T11:38:06.0732479-06:00" start="2014-01-17T11:38:06.0752476-06:00" finish="2014-01-17T11:38:06.2153467-06:00" />
  <ResultSummary outcome="Failed">
    <Counters total="1" executed="1" error="0" failed="1" timeout="0" aborted="0" inconclusive="0" passedButRunAborted="0" notRunnable="0" notExecuted="0" disconnected="0" warning="0" passed="0" completed="0" inProgress="0" pending="0" />
  </ResultSummary>
  <TestDefinitions>
    <UnitTest name="TestStringAssertStartsWith" storage="c:\users\jacob\documents\visual studio 2010\projects\assertiontestingproject\assertiontestspec\bin\debug\assertiontestspec.dll" id="2a9c6bf3-e5a6-4c58-0e60-e189fc11345e">
      <Execution id="71e47bbe-931a-4f03-b67f-ec0bb8309096" />
      <TestMethod codeBase="c:/users/jacob/documents/visual studio 2010/Projects/AssertionTestingProject/AssertionTestSpec/bin/Debug/AssertionTestSpec.DLL" adapterTypeName="Microsoft.VisualStudio.TestTools.TestTypes.Unit.UnitTestAdapter, Microsoft.VisualStudio.QualityTools.Tips.UnitTest.Adapter, Version=10.0.0.0, Culture=neutral, PublicKeyToken=b03f5f7f11d50a3a" className="AssertionTestSpec.AssertionTestClassTest, AssertionTestSpec, Version=1.0.0.0, Culture=neutral, PublicKeyToken=null" name="TestStringAssertStartsWith" />
    </UnitTest>
  </TestDefinitions>
  <TestLists>
    <TestList name="Results Not in a List" id="8c84fa94-04c1-424b-9868-57a2d4851a1d" />
    <TestList name="All Loaded Results" id="19431567-8539-422a-85d7-44ee4e166bda" />
  </TestLists>
  <TestEntries>
    <TestEntry testId="2a9c6bf3-e5a6-4c58-0e60-e189fc11345e" executionId="71e47bbe-931a-4f03-b67f-ec0bb8309096" testListId="8c84fa94-04c1-424b-9868-57a2d4851a1d" />
  </TestEntries>
  <Results>
    <UnitTestResult executionId="71e47bbe-931a-4f03-b67f-ec0bb8309096" testId="2a9c6bf3-e5a6-4c58-0e60-e189fc11345e" testName="TestStringAssertStartsWith" computerName="MANTA" duration="00:00:00.0196818" startTime="2014-01-17T11:38:06.0762483-06:00" endTime="2014-01-17T11:38:06.2033382-06:00" testType="13cdc9d9-ddb5-4fa4-a97d-d965ccfc6d4b" outcome="Failed" testListId="8c84fa94-04c1-424b-9868-57a2d4851a1d" relativeResultsDirectory="71e47bbe-931a-4f03-b67f-ec0bb8309096">
      <Output>
        <ErrorInfo>
          <Message>StringAssert.StartsWith failed. String 'SupermanBatman' does not start with string 'SuperMan'. .</Message>
          <StackTrace>   at AssertionTestSpec.AssertionTestClassTest.TestStringAssertStartsWith() in c:\users\jacob\documents\visual studio 2010\Projects\AssertionTestingProject\AssertionTestSpec\AssertionTestClassTest.cs:line 126
</StackTrace>
        </ErrorInfo>
      </Output>
    </UnitTestResult>
  </Results>
</TestRun>