<?xml version="1.0" encoding="UTF-8"?>
<TestRun id="439d2bcc-c0a1-49e8-b073-c085e78b4bb2" name="Jacob@MANTA 2014-01-17 11:39:41" runUser="MANTA\Jacob" xmlns="http://microsoft.com/schemas/VisualStudio/TeamTest/2010">
  <TestSettings name="Local" id="57ab9ee7-c8ea-4957-ac8f-e61444df60b2">
    <Description>These are default test settings for a local test run.</Description>
    <Deployment enabled="false" runDeploymentRoot="Jacob_MANTA 2014-01-17 11_39_41">
      <DeploymentItem filename="c:\users\jacob\documents\visual studio 2010\Projects\AssertionTestingProject\AssertionTestingProject\bin\Debug\AssertionTestingProject.dll" />
    </Deployment>
    <Execution>
      <TestTypeSpecific />
      <AgentRule name="Execution Agents">
      </AgentRule>
    </Execution>
  </TestSettings>
  <Times creation="2014-01-17T11:39:41.5935321-06:00" queuing="2014-01-17T11:39:43.4221383-06:00" start="2014-01-17T11:39:43.4251421-06:00" finish="2014-01-17T11:39:43.5532306-06:00" />
  <ResultSummary outcome="Completed">
    <Counters total="1" executed="1" passed="1" error="0" failed="0" timeout="0" aborted="0" inconclusive="0" passedButRunAborted="0" notRunnable="0" notExecuted="0" disconnected="0" warning="0" completed="0" inProgress="0" pending="0" />
  </ResultSummary>
  <TestDefinitions>
    <UnitTest name="TestStringAssertContains" storage="c:\users\jacob\documents\visual studio 2010\projects\assertiontestingproject\assertiontestspec\bin\debug\assertiontestspec.dll" id="a0853cdd-7b59-a1c0-f761-a458232ad64c">
      <Execution id="0ded0c5c-28f9-4a4f-92a1-d4d0090c189f" />
      <TestMethod codeBase="c:/users/jacob/documents/visual studio 2010/Projects/AssertionTestingProject/AssertionTestSpec/bin/Debug/AssertionTestSpec.DLL" adapterTypeName="Microsoft.VisualStudio.TestTools.TestTypes.Unit.UnitTestAdapter, Microsoft.VisualStudio.QualityTools.Tips.UnitTest.Adapter, Version=10.0.0.0, Culture=neutral, PublicKeyToken=b03f5f7f11d50a3a" className="AssertionTestSpec.AssertionTestClassTest, AssertionTestSpec, Version=1.0.0.0, Culture=neutral, PublicKeyToken=null" name="TestStringAssertContains" />
    </UnitTest>
  </TestDefinitions>
  <TestLists>
    <TestList name="Results Not in a List" id="8c84fa94-04c1-424b-9868-57a2d4851a1d" />
    <TestList name="All Loaded Results" id="19431567-8539-422a-85d7-44ee4e166bda" />
  </TestLists>
  <TestEntries>
    <TestEntry testId="a0853cdd-7b59-a1c0-f761-a458232ad64c" executionId="0ded0c5c-28f9-4a4f-92a1-d4d0090c189f" testListId="8c84fa94-04c1-424b-9868-57a2d4851a1d" />
  </TestEntries>
  <Results>
    <UnitTestResult executionId="0ded0c5c-28f9-4a4f-92a1-d4d0090c189f" testId="a0853cdd-7b59-a1c0-f761-a458232ad64c" testName="TestStringAssertContains" computerName="MANTA" duration="00:00:00.0101755" startTime="2014-01-17T11:39:43.4271427-06:00" endTime="2014-01-17T11:39:43.5452343-06:00" testType="13cdc9d9-ddb5-4fa4-a97d-d965ccfc6d4b" outcome="Passed" testListId="8c84fa94-04c1-424b-9868-57a2d4851a1d" relativeResultsDirectory="0ded0c5c-28f9-4a4f-92a1-d4d0090c189f">
    </UnitTestResult>
  </Results>
</TestRun>