<?xml version="1.0" encoding="UTF-8"?>
<TestRun id="dffcf9ad-03ca-4d51-bd4e-64ff50ba451b" name="Jacob@MANTA 2014-01-17 11:22:01" runUser="MANTA\Jacob" xmlns="http://microsoft.com/schemas/VisualStudio/TeamTest/2010">
  <TestSettings name="Local" id="57ab9ee7-c8ea-4957-ac8f-e61444df60b2">
    <Description>These are default test settings for a local test run.</Description>
    <Deployment enabled="false" runDeploymentRoot="Jacob_MANTA 2014-01-17 11_22_01">
      <DeploymentItem filename="c:\users\jacob\documents\visual studio 2010\Projects\AssertionTestingProject\AssertionTestingProject\bin\Debug\AssertionTestingProject.dll" />
    </Deployment>
    <Execution>
      <TestTypeSpecific />
      <AgentRule name="Execution Agents">
      </AgentRule>
    </Execution>
  </TestSettings>
  <Times creation="2014-01-17T11:22:01.1013901-06:00" queuing="2014-01-17T11:22:01.1093838-06:00" start="2014-01-17T11:22:01.1143865-06:00" finish="2014-01-17T11:22:01.2654933-06:00" />
  <ResultSummary outcome="Completed">
    <Counters total="1" executed="1" passed="1" error="0" failed="0" timeout="0" aborted="0" inconclusive="0" passedButRunAborted="0" notRunnable="0" notExecuted="0" disconnected="0" warning="0" completed="0" inProgress="0" pending="0" />
  </ResultSummary>
  <TestDefinitions>
    <UnitTest name="TestCollectionAssertAllItemsAreEqual" storage="c:\users\jacob\documents\visual studio 2010\projects\assertiontestingproject\assertiontestspec\bin\debug\assertiontestspec.dll" id="9640ccde-d652-eb5b-9d2d-3f2142996168">
      <Execution id="1a80cde0-20f2-4068-9ace-d0c3d34d62dd" />
      <TestMethod codeBase="c:/users/jacob/documents/visual studio 2010/Projects/AssertionTestingProject/AssertionTestSpec/bin/Debug/AssertionTestSpec.DLL" adapterTypeName="Microsoft.VisualStudio.TestTools.TestTypes.Unit.UnitTestAdapter, Microsoft.VisualStudio.QualityTools.Tips.UnitTest.Adapter, Version=10.0.0.0, Culture=neutral, PublicKeyToken=b03f5f7f11d50a3a" className="AssertionTestSpec.AssertionTestClassTest, AssertionTestSpec, Version=1.0.0.0, Culture=neutral, PublicKeyToken=null" name="TestCollectionAssertAllItemsAreEqual" />
    </UnitTest>
  </TestDefinitions>
  <TestLists>
    <TestList name="Results Not in a List" id="8c84fa94-04c1-424b-9868-57a2d4851a1d" />
    <TestList name="All Loaded Results" id="19431567-8539-422a-85d7-44ee4e166bda" />
  </TestLists>
  <TestEntries>
    <TestEntry testId="9640ccde-d652-eb5b-9d2d-3f2142996168" executionId="1a80cde0-20f2-4068-9ace-d0c3d34d62dd" testListId="8c84fa94-04c1-424b-9868-57a2d4851a1d" />
  </TestEntries>
  <Results>
    <UnitTestResult executionId="1a80cde0-20f2-4068-9ace-d0c3d34d62dd" testId="9640ccde-d652-eb5b-9d2d-3f2142996168" testName="TestCollectionAssertAllItemsAreEqual" computerName="MANTA" duration="00:00:00.0113357" startTime="2014-01-17T11:22:01.1163883-06:00" endTime="2014-01-17T11:22:01.2454792-06:00" testType="13cdc9d9-ddb5-4fa4-a97d-d965ccfc6d4b" outcome="Passed" testListId="8c84fa94-04c1-424b-9868-57a2d4851a1d" relativeResultsDirectory="1a80cde0-20f2-4068-9ace-d0c3d34d62dd">
    </UnitTestResult>
  </Results>
</TestRun>