<?xml version="1.0" encoding="UTF-8"?>
<TestRun id="236de3ad-95d1-4ad8-8d25-928588effd9a" name="Jacob@MANTA 2014-01-17 11:24:23" runUser="MANTA\Jacob" xmlns="http://microsoft.com/schemas/VisualStudio/TeamTest/2010">
  <TestSettings name="Local" id="57ab9ee7-c8ea-4957-ac8f-e61444df60b2">
    <Description>These are default test settings for a local test run.</Description>
    <Deployment enabled="false" runDeploymentRoot="Jacob_MANTA 2014-01-17 11_24_23">
      <DeploymentItem filename="c:\users\jacob\documents\visual studio 2010\Projects\AssertionTestingProject\AssertionTestingProject\bin\Debug\AssertionTestingProject.dll" />
    </Deployment>
    <Execution>
      <TestTypeSpecific />
      <AgentRule name="Execution Agents">
      </AgentRule>
    </Execution>
  </TestSettings>
  <Times creation="2014-01-17T11:24:23.3734988-06:00" queuing="2014-01-17T11:24:23.3815040-06:00" start="2014-01-17T11:24:23.3875095-06:00" finish="2014-01-17T11:24:23.5246056-06:00" />
  <ResultSummary outcome="Completed">
    <Counters total="1" executed="1" passed="1" error="0" failed="0" timeout="0" aborted="0" inconclusive="0" passedButRunAborted="0" notRunnable="0" notExecuted="0" disconnected="0" warning="0" completed="0" inProgress="0" pending="0" />
  </ResultSummary>
  <TestDefinitions>
    <UnitTest name="TestCollectionAssertContains" storage="c:\users\jacob\documents\visual studio 2010\projects\assertiontestingproject\assertiontestspec\bin\debug\assertiontestspec.dll" id="99c0b9e7-4bb8-6603-7df5-da47c8e5ef71">
      <Execution id="337a2d5b-a129-47bc-96b4-d7dda23d17f5" />
      <TestMethod codeBase="c:/users/jacob/documents/visual studio 2010/Projects/AssertionTestingProject/AssertionTestSpec/bin/Debug/AssertionTestSpec.DLL" adapterTypeName="Microsoft.VisualStudio.TestTools.TestTypes.Unit.UnitTestAdapter, Microsoft.VisualStudio.QualityTools.Tips.UnitTest.Adapter, Version=10.0.0.0, Culture=neutral, PublicKeyToken=b03f5f7f11d50a3a" className="AssertionTestSpec.AssertionTestClassTest, AssertionTestSpec, Version=1.0.0.0, Culture=neutral, PublicKeyToken=null" name="TestCollectionAssertContains" />
    </UnitTest>
  </TestDefinitions>
  <TestLists>
    <TestList name="Results Not in a List" id="8c84fa94-04c1-424b-9868-57a2d4851a1d" />
    <TestList name="All Loaded Results" id="19431567-8539-422a-85d7-44ee4e166bda" />
  </TestLists>
  <TestEntries>
    <TestEntry testId="99c0b9e7-4bb8-6603-7df5-da47c8e5ef71" executionId="337a2d5b-a129-47bc-96b4-d7dda23d17f5" testListId="8c84fa94-04c1-424b-9868-57a2d4851a1d" />
  </TestEntries>
  <Results>
    <UnitTestResult executionId="337a2d5b-a129-47bc-96b4-d7dda23d17f5" testId="99c0b9e7-4bb8-6603-7df5-da47c8e5ef71" testName="TestCollectionAssertContains" computerName="MANTA" duration="00:00:00.0103278" startTime="2014-01-17T11:24:23.3895097-06:00" endTime="2014-01-17T11:24:23.5166167-06:00" testType="13cdc9d9-ddb5-4fa4-a97d-d965ccfc6d4b" outcome="Passed" testListId="8c84fa94-04c1-424b-9868-57a2d4851a1d" relativeResultsDirectory="337a2d5b-a129-47bc-96b4-d7dda23d17f5">
    </UnitTestResult>
  </Results>
</TestRun>