<?xml version="1.0" encoding="UTF-8"?>
<TestRun id="dd223458-890e-45c7-a5dd-c17706131f7b" name="Jacob@MANTA 2014-01-17 10:51:21" runUser="MANTA\Jacob" xmlns="http://microsoft.com/schemas/VisualStudio/TeamTest/2010">
  <TestSettings name="Local" id="57ab9ee7-c8ea-4957-ac8f-e61444df60b2">
    <Description>These are default test settings for a local test run.</Description>
    <Deployment userDeploymentRoot="c:\users\jacob\documents\visual studio 2010\Projects\AssertionTestingProject\TestResults" useDefaultDeploymentRoot="false" enabled="false" runDeploymentRoot="Jacob_MANTA 2014-01-17 10_51_21">
      <DeploymentItem filename="c:\users\jacob\documents\visual studio 2010\Projects\AssertionTestingProject\AssertionTestingProject\bin\Debug\AssertionTestingProject.dll" />
    </Deployment>
    <Execution>
      <TestTypeSpecific />
      <AgentRule name="Execution Agents">
      </AgentRule>
    </Execution>
  </TestSettings>
  <Times creation="2014-01-17T10:51:21.3354031-06:00" queuing="2014-01-17T10:51:21.3384052-06:00" start="2014-01-17T10:51:21.3414056-06:00" finish="2014-01-17T10:51:21.4835070-06:00" />
  <ResultSummary outcome="Failed">
    <Counters total="1" executed="1" error="0" failed="1" timeout="0" aborted="0" inconclusive="0" passedButRunAborted="0" notRunnable="0" notExecuted="0" disconnected="0" warning="0" passed="0" completed="0" inProgress="0" pending="0" />
  </ResultSummary>
  <TestDefinitions>
    <UnitTest name="TestAssertFailedExceptions" storage="c:\users\jacob\documents\visual studio 2010\projects\assertiontestingproject\assertiontestspec\bin\debug\assertiontestspec.dll" id="1f99eec5-9f6c-67d1-8553-a609633542c9">
      <Execution id="0a096d87-48f8-4f75-9a83-e13d45507df3" />
      <TestMethod codeBase="c:/users/jacob/documents/visual studio 2010/Projects/AssertionTestingProject/AssertionTestSpec/bin/Debug/AssertionTestSpec.DLL" adapterTypeName="Microsoft.VisualStudio.TestTools.TestTypes.Unit.UnitTestAdapter, Microsoft.VisualStudio.QualityTools.Tips.UnitTest.Adapter, Version=10.0.0.0, Culture=neutral, PublicKeyToken=b03f5f7f11d50a3a" className="AssertionTestSpec.AssertionTestClassTest, AssertionTestSpec, Version=1.0.0.0, Culture=neutral, PublicKeyToken=null" name="TestAssertFailedExceptions" />
    </UnitTest>
  </TestDefinitions>
  <TestLists>
    <TestList name="Results Not in a List" id="8c84fa94-04c1-424b-9868-57a2d4851a1d" />
    <TestList name="All Loaded Results" id="19431567-8539-422a-85d7-44ee4e166bda" />
  </TestLists>
  <TestEntries>
    <TestEntry testId="1f99eec5-9f6c-67d1-8553-a609633542c9" executionId="0a096d87-48f8-4f75-9a83-e13d45507df3" testListId="8c84fa94-04c1-424b-9868-57a2d4851a1d" />
  </TestEntries>
  <Results>
    <UnitTestResult executionId="0a096d87-48f8-4f75-9a83-e13d45507df3" testId="1f99eec5-9f6c-67d1-8553-a609633542c9" testName="TestAssertFailedExceptions" computerName="MANTA" duration="00:00:00.0184857" startTime="2014-01-17T10:51:21.3424076-06:00" endTime="2014-01-17T10:51:21.4654951-06:00" testType="13cdc9d9-ddb5-4fa4-a97d-d965ccfc6d4b" outcome="Failed" testListId="8c84fa94-04c1-424b-9868-57a2d4851a1d" relativeResultsDirectory="0a096d87-48f8-4f75-9a83-e13d45507df3">
      <Output>
        <ErrorInfo>
          <Message>Assert.AreEqual failed. Expected:&lt;0&gt;. Actual:&lt;1&gt;. </Message>
          <StackTrace>   at AssertionTestSpec.AssertionTestClassTest.TestAssertFailedExceptions() in c:\users\jacob\documents\visual studio 2010\Projects\AssertionTestingProject\AssertionTestSpec\AssertionTestClassTest.cs:line 82
</StackTrace>
        </ErrorInfo>
      </Output>
    </UnitTestResult>
  </Results>
</TestRun>